 * Serving Flask app 'fedshareleadserver'
 * Debug mode: on
WARNING: This is a development server. Do not use it in a production deployment. Use a production WSGI server instead.
 * Running on http://127.0.0.4:7501
Press CTRL+C to quit
 * Restarting with stat
 * Debugger is active!
 * Debugger PIN: 929-640-565
127.0.0.3 - - [06/Dec/2024 09:51:44] "POST /recv HTTP/1.1" 200 -
{'response': 'ok'}
[DOWNLOAD] Secret of 127.0.0.3 received. size: 2342836
[SECRET] Secret opened successfully.
{'response': 'ok'}
[THREAD] Waiting for thread Thread-4 (send_to_client)
{'response': 'ok'}
{'response': 'ok'}{'response': 'ok'}

{'response': 'ok'}
[CLIENT] model sent to client 0
[THREAD] Waiting for thread Thread-5 (send_to_client)
{'response': 'ok'}
[CLIENT] model sent to client 1
[THREAD] Waiting for thread Thread-6 (send_to_client)
{'response': 'ok'}
[CLIENT] model sent to client 2
[DOWNLOAD] Total download cost so far: 2342836
[UPLOAD] Total upload cost so far: 7028472
[AGGREGATION] Model aggregation completed successfully.
{'response': 'ok'}
127.0.0.3 - - [06/Dec/2024 09:51:54] "POST /recv HTTP/1.1" 200 -
{'response': 'ok'}
[DOWNLOAD] Secret of 127.0.0.3 received. size: 2342836
[SECRET] Secret opened successfully.
{'response': 'ok'}
[THREAD] Waiting for thread Thread-9 (send_to_client)
{'response': 'ok'}
{'response': 'ok'}
{'response': 'ok'}
{'response': 'ok'}
[CLIENT] model sent to client 0
[THREAD] Waiting for thread Thread-10 (send_to_client)
{'response': 'ok'}
[CLIENT] model sent to client 1
[THREAD] Waiting for thread Thread-11 (send_to_client)
{'response': 'ok'}
[CLIENT] model sent to client 2
[DOWNLOAD] Total download cost so far: 4685672
[UPLOAD] Total upload cost so far: 14056944
[AGGREGATION] Model aggregation completed successfully.
{'response': 'ok'}
127.0.0.3 - - [06/Dec/2024 09:52:05] "POST /recv HTTP/1.1" 200 -
{'response': 'ok'}
[DOWNLOAD] Secret of 127.0.0.3 received. size: 2342836
[SECRET] Secret opened successfully.
{'response': 'ok'}
[THREAD] Waiting for thread Thread-14 (send_to_client)
{'response': 'ok'}
{'response': 'ok'}
{'response': 'ok'}
{'response': 'ok'}
[CLIENT] model sent to client 2
{'response': 'ok'}
[CLIENT] model sent to client 1
{'response': 'ok'}
[CLIENT] model sent to client 0
[THREAD] Waiting for thread Thread-15 (send_to_client)
[THREAD] Waiting for thread Thread-16 (send_to_client)
[DOWNLOAD] Total download cost so far: 7028508
[UPLOAD] Total upload cost so far: 21085416
[AGGREGATION] Model aggregation completed successfully.
{'response': 'ok'}
